[debug] [2017-11-27T18:00:21.845Z] ----------------------------------------------------------------------
[debug] [2017-11-27T18:00:21.845Z] Command:       C:\Program Files\nodejs\node.exe C:\Users\campo\AppData\Roaming\npm\node_modules\firebase-tools\bin\firebase serve
[debug] [2017-11-27T18:00:21.861Z] CLI Version:   3.14.0
[debug] [2017-11-27T18:00:21.861Z] Platform:      win32
[debug] [2017-11-27T18:00:21.861Z] Node Version:  v6.10.3
[debug] [2017-11-27T18:00:21.861Z] Time:          Mon Nov 27 2017 12:00:21 GMT-0600 (Hora estándar central (México))
[debug] [2017-11-27T18:00:21.861Z] ----------------------------------------------------------------------
[debug] 
[debug] [2017-11-27T18:00:21.897Z] > command requires scopes: ["email","openid","https://www.googleapis.com/auth/cloudplatformprojects.readonly","https://www.googleapis.com/auth/firebase","https://www.googleapis.com/auth/cloud-platform"]
[debug] [2017-11-27T18:00:21.897Z] > authorizing via signed-in user
[debug] [2017-11-27T18:00:21.905Z] > refreshing access token with scopes: ["email","https://www.googleapis.com/auth/cloud-platform","https://www.googleapis.com/auth/cloudplatformprojects.readonly","https://www.googleapis.com/auth/firebase","openid"]
[debug] [2017-11-27T18:00:21.905Z] >>> HTTP REQUEST POST https://www.googleapis.com/oauth2/v3/token { refresh_token: '1/VKe0RjwbFzirdfN9I8cXKqTvvgdXt3eMmy8J2NPY09I',
  client_id: '563584335869-fgrhgmd47bqnekij5i8b5pr03ho849e6.apps.googleusercontent.com',
  client_secret: 'j9iVZfS8kkCEFUPaAeJV0sAi',
  grant_type: 'refresh_token',
  scope: 'email https://www.googleapis.com/auth/cloud-platform https://www.googleapis.com/auth/cloudplatformprojects.readonly https://www.googleapis.com/auth/firebase openid' } 
 Mon Nov 27 2017 12:00:21 GMT-0600 (Hora estándar central (México))
[debug] [2017-11-27T18:00:22.799Z] <<< HTTP RESPONSE 200
[debug] [2017-11-27T18:00:22.862Z] >>> HTTP REQUEST GET https://admin.firebase.com/v1/projects/wedding-planning-2017  
 Mon Nov 27 2017 12:00:22 GMT-0600 (Hora estándar central (México))
[debug] [2017-11-27T18:00:23.677Z] <<< HTTP RESPONSE 200
[debug] [2017-11-27T18:00:23.681Z] >>> HTTP REQUEST GET https://admin.firebase.com/v1/database/wedding-planning-2017/tokens  
 Mon Nov 27 2017 12:00:23 GMT-0600 (Hora estándar central (México))
[debug] [2017-11-27T18:00:24.388Z] <<< HTTP RESPONSE 200
[info] 
[info] === Serving from 'C:\xampp\htdocs\app-partyBridge'...
[info] 
[debug] [2017-11-27T18:00:24.402Z] >>> HTTP REQUEST GET https://cloudresourcemanager.googleapis.com/v1/projects/wedding-planning-2017  
 Mon Nov 27 2017 12:00:24 GMT-0600 (Hora estándar central (México))
[debug] [2017-11-27T18:00:25.082Z] <<< HTTP RESPONSE 200
[debug] [2017-11-27T18:00:25.084Z] >>> HTTP REQUEST GET https://mobilesdk-pa.googleapis.com/v1/projects/383924029598/clients/_:getWebAppConfig  
 Mon Nov 27 2017 12:00:25 GMT-0600 (Hora estándar central (México))
[debug] [2017-11-27T18:00:25.994Z] <<< HTTP RESPONSE 200
[info] i  hosting: Serving hosting files from: public
[info] +  hosting: Local server: http://localhost:5000

[debug] [2017-11-28T18:49:43.729Z] ----------------------------------------------------------------------
[debug] [2017-11-28T18:49:43.737Z] Command:       C:\Program Files\nodejs\node.exe C:\Users\campo\AppData\Roaming\npm\node_modules\firebase-tools\bin\firebase serve
[debug] [2017-11-28T18:49:43.740Z] CLI Version:   3.14.0
[debug] [2017-11-28T18:49:43.740Z] Platform:      win32
[debug] [2017-11-28T18:49:43.741Z] Node Version:  v6.10.3
[debug] [2017-11-28T18:49:43.743Z] Time:          Tue Nov 28 2017 12:49:43 GMT-0600 (Hora estándar central (México))
[debug] [2017-11-28T18:49:43.743Z] ----------------------------------------------------------------------
[debug] 
[debug] [2017-11-28T18:49:43.859Z] > command requires scopes: ["email","openid","https://www.googleapis.com/auth/cloudplatformprojects.readonly","https://www.googleapis.com/auth/firebase","https://www.googleapis.com/auth/cloud-platform"]
[debug] [2017-11-28T18:49:43.860Z] > authorizing via signed-in user
[debug] [2017-11-28T18:49:43.868Z] > refreshing access token with scopes: ["email","https://www.googleapis.com/auth/cloud-platform","https://www.googleapis.com/auth/cloudplatformprojects.readonly","https://www.googleapis.com/auth/firebase","openid"]
[debug] [2017-11-28T18:49:43.869Z] >>> HTTP REQUEST POST https://www.googleapis.com/oauth2/v3/token { refresh_token: '1/VKe0RjwbFzirdfN9I8cXKqTvvgdXt3eMmy8J2NPY09I',
  client_id: '563584335869-fgrhgmd47bqnekij5i8b5pr03ho849e6.apps.googleusercontent.com',
  client_secret: 'j9iVZfS8kkCEFUPaAeJV0sAi',
  grant_type: 'refresh_token',
  scope: 'email https://www.googleapis.com/auth/cloud-platform https://www.googleapis.com/auth/cloudplatformprojects.readonly https://www.googleapis.com/auth/firebase openid' } 
 Tue Nov 28 2017 12:49:43 GMT-0600 (Hora estándar central (México))
[debug] [2017-11-28T18:49:44.526Z] <<< HTTP RESPONSE 200
[debug] [2017-11-28T18:49:44.639Z] >>> HTTP REQUEST GET https://admin.firebase.com/v1/projects/wedding-planning-2017  
 Tue Nov 28 2017 12:49:44 GMT-0600 (Hora estándar central (México))
[debug] [2017-11-28T18:49:45.500Z] <<< HTTP RESPONSE 200
[debug] [2017-11-28T18:49:45.509Z] >>> HTTP REQUEST GET https://admin.firebase.com/v1/database/wedding-planning-2017/tokens  
 Tue Nov 28 2017 12:49:45 GMT-0600 (Hora estándar central (México))
[debug] [2017-11-28T18:49:46.299Z] <<< HTTP RESPONSE 200
[info] 
[info] === Serving from 'C:\xampp\htdocs\app-partyBridge'...
[info] 
[debug] [2017-11-28T18:49:46.308Z] >>> HTTP REQUEST GET https://cloudresourcemanager.googleapis.com/v1/projects/wedding-planning-2017  
 Tue Nov 28 2017 12:49:46 GMT-0600 (Hora estándar central (México))
[debug] [2017-11-28T18:49:46.907Z] <<< HTTP RESPONSE 200
[debug] [2017-11-28T18:49:46.911Z] >>> HTTP REQUEST GET https://mobilesdk-pa.googleapis.com/v1/projects/383924029598/clients/_:getWebAppConfig  
 Tue Nov 28 2017 12:49:46 GMT-0600 (Hora estándar central (México))
[debug] [2017-11-28T18:49:47.707Z] <<< HTTP RESPONSE 200
[info] i  hosting: Serving hosting files from: public
[info] +  hosting: Local server: http://localhost:5000

[info] Shutting down...
[debug] [2017-11-28T21:40:52.822Z] ----------------------------------------------------------------------
[debug] [2017-11-28T21:40:53.068Z] Command:       C:\Program Files\nodejs\node.exe C:\Users\campo\AppData\Roaming\npm\node_modules\firebase-tools\bin\firebase serve
[debug] [2017-11-28T21:40:53.177Z] CLI Version:   3.14.0
[debug] [2017-11-28T21:40:53.177Z] Platform:      win32
[debug] [2017-11-28T21:40:53.178Z] Node Version:  v6.10.3
[debug] [2017-11-28T21:40:53.181Z] Time:          Tue Nov 28 2017 15:40:53 GMT-0600 (Hora estándar central (México))
[debug] [2017-11-28T21:40:53.182Z] ----------------------------------------------------------------------
[debug] 
[debug] [2017-11-28T21:40:53.325Z] > command requires scopes: ["email","openid","https://www.googleapis.com/auth/cloudplatformprojects.readonly","https://www.googleapis.com/auth/firebase","https://www.googleapis.com/auth/cloud-platform"]
[debug] [2017-11-28T21:40:53.326Z] > authorizing via signed-in user
[debug] [2017-11-28T21:40:53.333Z] > refreshing access token with scopes: ["email","https://www.googleapis.com/auth/cloud-platform","https://www.googleapis.com/auth/cloudplatformprojects.readonly","https://www.googleapis.com/auth/firebase","openid"]
[debug] [2017-11-28T21:40:53.335Z] >>> HTTP REQUEST POST https://www.googleapis.com/oauth2/v3/token { refresh_token: '1/VKe0RjwbFzirdfN9I8cXKqTvvgdXt3eMmy8J2NPY09I',
  client_id: '563584335869-fgrhgmd47bqnekij5i8b5pr03ho849e6.apps.googleusercontent.com',
  client_secret: 'j9iVZfS8kkCEFUPaAeJV0sAi',
  grant_type: 'refresh_token',
  scope: 'email https://www.googleapis.com/auth/cloud-platform https://www.googleapis.com/auth/cloudplatformprojects.readonly https://www.googleapis.com/auth/firebase openid' } 
 Tue Nov 28 2017 15:40:53 GMT-0600 (Hora estándar central (México))
[debug] [2017-11-28T21:40:59.749Z] <<< HTTP RESPONSE 200
[debug] [2017-11-28T21:40:59.912Z] >>> HTTP REQUEST GET https://admin.firebase.com/v1/projects/wedding-planning-2017  
 Tue Nov 28 2017 15:40:59 GMT-0600 (Hora estándar central (México))
[debug] [2017-11-28T21:41:01.609Z] <<< HTTP RESPONSE 200
[debug] [2017-11-28T21:41:01.611Z] >>> HTTP REQUEST GET https://admin.firebase.com/v1/database/wedding-planning-2017/tokens  
 Tue Nov 28 2017 15:41:01 GMT-0600 (Hora estándar central (México))
[debug] [2017-11-28T21:41:02.362Z] <<< HTTP RESPONSE 200
[info] 
[info] === Serving from 'C:\xampp\htdocs\app-partyBridge'...
[info] 
[debug] [2017-11-28T21:41:02.374Z] >>> HTTP REQUEST GET https://cloudresourcemanager.googleapis.com/v1/projects/wedding-planning-2017  
 Tue Nov 28 2017 15:41:02 GMT-0600 (Hora estándar central (México))
[debug] [2017-11-28T21:41:03.366Z] <<< HTTP RESPONSE 200
[debug] [2017-11-28T21:41:03.367Z] >>> HTTP REQUEST GET https://mobilesdk-pa.googleapis.com/v1/projects/383924029598/clients/_:getWebAppConfig  
 Tue Nov 28 2017 15:41:03 GMT-0600 (Hora estándar central (México))
[debug] [2017-11-28T21:41:05.398Z] <<< HTTP RESPONSE 200
[info] i  hosting: Serving hosting files from: public
[info] +  hosting: Local server: http://localhost:5000

